<?xml version="1.0" encoding="UTF-8"?>
<!-- Generated by org.testng.reporters.JUnitReportReporter -->
<testsuite hostname="LAPTOP-H415PJ3H" failures="0" tests="1" name="demo.Demo" time="15.246" errors="0" timestamp="2021-06-20T21:35:55 BDT" skipped="0">
  <testcase classname="demo.Demo" name="testAssertFunction" time="15.246"/>
  <system-out/>
</testsuite> <!-- demo.Demo -->
