<?xml version="1.0" encoding="UTF-8"?>
<!-- Generated by org.testng.reporters.JUnitReportReporter -->
<testsuite hostname="LAPTOP-H415PJ3H" failures="0" tests="1" name="broTech.Demo" time="6.521" errors="0" timestamp="2021-06-18T03:59:26 BDT" skipped="0">
  <testcase classname="broTech.Demo" name="testAssertFunction" time="6.521"/>
  <system-out/>
</testsuite> <!-- broTech.Demo -->
